Determining if the pthread_create exist failed with the following output:
Change Dir: /media/py/8ee085fc-6bf0-41db-8bee-dbf383701c5c/code/git/FastestDet_NCNN/build/CMakeFiles/CMakeTmp

Run Build Command:"/usr/bin/make" "cmTC_8fd61/fast"
/usr/bin/make -f CMakeFiles/cmTC_8fd61.dir/build.make CMakeFiles/cmTC_8fd61.dir/build
make[1]: Entering directory '/media/py/8ee085fc-6bf0-41db-8bee-dbf383701c5c/code/git/FastestDet_NCNN/build/CMakeFiles/CMakeTmp'
Building C object CMakeFiles/cmTC_8fd61.dir/CheckSymbolExists.c.o
/usr/bin/cc     -o CMakeFiles/cmTC_8fd61.dir/CheckSymbolExists.c.o   -c /media/py/8ee085fc-6bf0-41db-8bee-dbf383701c5c/code/git/FastestDet_NCNN/build/CMakeFiles/CMakeTmp/CheckSymbolExists.c
Linking C executable cmTC_8fd61
/usr/bin/cmake -E cmake_link_script CMakeFiles/cmTC_8fd61.dir/link.txt --verbose=1
/usr/bin/cc       CMakeFiles/cmTC_8fd61.dir/CheckSymbolExists.c.o  -o cmTC_8fd61 -rdynamic 
CMakeFiles/cmTC_8fd61.dir/CheckSymbolExists.c.o：在函数‘main’中：
CheckSymbolExists.c:(.text+0x16)：对‘pthread_create’未定义的引用
collect2: error: ld returned 1 exit status
CMakeFiles/cmTC_8fd61.dir/build.make:97: recipe for target 'cmTC_8fd61' failed
make[1]: *** [cmTC_8fd61] Error 1
make[1]: Leaving directory '/media/py/8ee085fc-6bf0-41db-8bee-dbf383701c5c/code/git/FastestDet_NCNN/build/CMakeFiles/CMakeTmp'
Makefile:126: recipe for target 'cmTC_8fd61/fast' failed
make: *** [cmTC_8fd61/fast] Error 2

File /media/py/8ee085fc-6bf0-41db-8bee-dbf383701c5c/code/git/FastestDet_NCNN/build/CMakeFiles/CMakeTmp/CheckSymbolExists.c:
/* */
#include <pthread.h>

int main(int argc, char** argv)
{
  (void)argv;
#ifndef pthread_create
  return ((int*)(&pthread_create))[argc];
#else
  (void)argc;
  return 0;
#endif
}

Determining if the function pthread_create exists in the pthreads failed with the following output:
Change Dir: /media/py/8ee085fc-6bf0-41db-8bee-dbf383701c5c/code/git/FastestDet_NCNN/build/CMakeFiles/CMakeTmp

Run Build Command:"/usr/bin/make" "cmTC_27063/fast"
/usr/bin/make -f CMakeFiles/cmTC_27063.dir/build.make CMakeFiles/cmTC_27063.dir/build
make[1]: Entering directory '/media/py/8ee085fc-6bf0-41db-8bee-dbf383701c5c/code/git/FastestDet_NCNN/build/CMakeFiles/CMakeTmp'
Building C object CMakeFiles/cmTC_27063.dir/CheckFunctionExists.c.o
/usr/bin/cc    -DCHECK_FUNCTION_EXISTS=pthread_create   -o CMakeFiles/cmTC_27063.dir/CheckFunctionExists.c.o   -c /usr/share/cmake-3.5/Modules/CheckFunctionExists.c
Linking C executable cmTC_27063
/usr/bin/cmake -E cmake_link_script CMakeFiles/cmTC_27063.dir/link.txt --verbose=1
/usr/bin/cc   -DCHECK_FUNCTION_EXISTS=pthread_create    CMakeFiles/cmTC_27063.dir/CheckFunctionExists.c.o  -o cmTC_27063 -rdynamic -lpthreads 
/usr/bin/ld: 找不到 -lpthreads
collect2: error: ld returned 1 exit status
CMakeFiles/cmTC_27063.dir/build.make:97: recipe for target 'cmTC_27063' failed
make[1]: *** [cmTC_27063] Error 1
make[1]: Leaving directory '/media/py/8ee085fc-6bf0-41db-8bee-dbf383701c5c/code/git/FastestDet_NCNN/build/CMakeFiles/CMakeTmp'
Makefile:126: recipe for target 'cmTC_27063/fast' failed
make: *** [cmTC_27063/fast] Error 2


